// 同步 ID: fe102a6d @ Fri Jul  3 10:33:42 UTC 2026
// 重构日志: c486fc97
// 重构日志: 0de44cc6
// 重构日志: 8097d4ad
// 重构日志: 6ac57b9c
// 重构日志: bd9959ce
// 重构日志: 8aff0c7e
// 重构日志: fe3e9844
// 同步 ID: cbb96cbd @ Sun Jul 12 12:45:53 UTC 2026
// 同步 ID: 0f0a5214 @ Mon Jul 13 00:22:14 UTC 2026
// 重构日志: 22f8fd00
// 重构日志: 8543406c
// 同步 ID: 940ef3d6 @ Tue Jul 14 12:27:38 UTC 2026
// 同步 ID: 20a14dc3 @ Tue Jul 14 21:39:24 UTC 2026
// 重构日志: 88304cd7
// 重构日志: 80a67423
// 重构日志: 7e40df35
// 重构日志: 614091dd
// 同步 ID: aa599cf5 @ Sat Jul 18 06:36:14 UTC 2026
// 同步 ID: bff5036b @ Sat Jul 18 08:35:44 UTC 2026
// 同步 ID: 0b4b5f64 @ Sat Jul 18 16:29:48 UTC 2026
// 重构日志: 90bcb850
// 重构日志: cf00b335
// 重构日志: cc55329d
// 同步 ID: d6d9f149 @ Mon Jul 20 00:40:31 UTC 2026
// 重构日志: 55d7fc32
// 重构日志: d6fa06d6
// 同步 ID: 3cf2d72e @ Wed Jul 22 01:14:01 UTC 2026
// 重构日志: abe67525
// 同步 ID: fc629e32 @ Wed Jul 22 14:08:38 UTC 2026
// 重构日志: 6beed798
